<?xml version="1.0" encoding="UTF-8"?>
<coverage generated="1498424033">
  <project timestamp="1498424033">
    <package name="Seeren\Http\Message">
      <file name="C:\xampp\htdocs\seeren-dev-master\http\src/Message/AbstractMessage.php">
        <class name="AbstractMessage" namespace="Seeren\Http\Message" fullPackage="Http.Message" category="Seeren" package="Http" subpackage="Message">
          <metrics complexity="32" methods="16" coveredmethods="16" conditionals="0" coveredconditionals="0" statements="59" coveredstatements="59" elements="75" coveredelements="75"/>
        </class>
        <line num="55" type="method" name="__construct" visibility="protected" complexity="1" crap="1" count="218"/>
        <line num="60" type="stmt" count="218"/>
        <line num="61" type="stmt" count="218"/>
        <line num="62" type="stmt" count="218"/>
        <line num="63" type="stmt" count="218"/>
        <line num="71" type="method" name="parseProtocol" visibility="protected" complexity="2" crap="2" count="218"/>
        <line num="73" type="stmt" count="218"/>
        <line num="74" type="stmt" count="218"/>
        <line num="75" type="stmt" count="6"/>
        <line num="76" type="stmt" count="218"/>
        <line num="87" type="method" name="with" visibility="protected" complexity="1" crap="1" count="85"/>
        <line num="89" type="stmt" count="85"/>
        <line num="90" type="stmt" count="85"/>
        <line num="91" type="stmt" count="85"/>
        <line num="100" type="method" name="parseHeaderName" visibility="protected" complexity="2" crap="2" count="117"/>
        <line num="102" type="stmt" count="117"/>
        <line num="103" type="stmt" count="117"/>
        <line num="104" type="stmt" count="117"/>
        <line num="106" type="stmt" count="117"/>
        <line num="115" type="method" name="parseHeaderValue" visibility="protected" complexity="6" crap="6" count="152"/>
        <line num="117" type="stmt" count="152"/>
        <line num="118" type="stmt" count="152"/>
        <line num="119" type="stmt" count="77"/>
        <line num="120" type="stmt" count="77"/>
        <line num="122" type="stmt" count="96"/>
        <line num="123" type="stmt" count="24"/>
        <line num="124" type="stmt" count="12"/>
        <line num="127" type="stmt" count="152"/>
        <line num="135" type="method" name="getProtocolVersion" visibility="public" complexity="1" crap="1" count="6"/>
        <line num="137" type="stmt" count="6"/>
        <line num="146" type="method" name="withProtocolVersion" visibility="public" complexity="1" crap="1" count="6"/>
        <line num="148" type="stmt" count="6"/>
        <line num="156" type="method" name="getHeaders" visibility="public" complexity="1" crap="1" count="34"/>
        <line num="158" type="stmt" count="34"/>
        <line num="167" type="method" name="hasHeader" visibility="public" complexity="1" crap="1" count="6"/>
        <line num="169" type="stmt" count="6"/>
        <line num="178" type="method" name="getHeader" visibility="public" complexity="2" crap="2" count="54"/>
        <line num="180" type="stmt" count="54"/>
        <line num="181" type="stmt" count="54"/>
        <line num="190" type="method" name="getHeaderLine" visibility="public" complexity="2" crap="2" count="6"/>
        <line num="192" type="stmt" count="6"/>
        <line num="193" type="stmt" count="6"/>
        <line num="194" type="stmt" count="6"/>
        <line num="195" type="stmt" count="6"/>
        <line num="207" type="method" name="withHeader" visibility="public" complexity="3" crap="3" count="75"/>
        <line num="209" type="stmt" count="75"/>
        <line num="210" type="stmt" count="75"/>
        <line num="211" type="stmt" count="42"/>
        <line num="212" type="stmt" count="42"/>
        <line num="214" type="stmt" count="33"/>
        <line num="215" type="stmt" count="33"/>
        <line num="216" type="stmt" count="33"/>
        <line num="228" type="method" name="withAddedHeader" visibility="public" complexity="4" crap="4" count="48"/>
        <line num="230" type="stmt" count="48"/>
        <line num="231" type="stmt" count="48"/>
        <line num="232" type="stmt" count="48"/>
        <line num="233" type="stmt" count="48"/>
        <line num="234" type="stmt" count="48"/>
        <line num="235" type="stmt" count="42"/>
        <line num="236" type="stmt" count="42"/>
        <line num="238" type="stmt" count="6"/>
        <line num="240" type="stmt" count="6"/>
        <line num="249" type="method" name="withoutHeader" visibility="public" complexity="2" crap="2" count="9"/>
        <line num="251" type="stmt" count="9"/>
        <line num="252" type="stmt" count="9"/>
        <line num="253" type="stmt" count="9"/>
        <line num="254" type="stmt" count="6"/>
        <line num="256" type="stmt" count="9"/>
        <line num="264" type="method" name="getBody" visibility="public" complexity="1" crap="1" count="28"/>
        <line num="266" type="stmt" count="28"/>
        <line num="277" type="method" name="withBody" visibility="public" complexity="2" crap="2" count="12"/>
        <line num="279" type="stmt" count="12"/>
        <line num="280" type="stmt" count="6"/>
        <line num="281" type="stmt" count="6"/>
        <line num="283" type="stmt" count="6"/>
        <metrics loc="286" ncloc="152" classes="1" methods="16" coveredmethods="16" conditionals="0" coveredconditionals="0" statements="59" coveredstatements="59" elements="75" coveredelements="75"/>
      </file>
    </package>
    <file name="C:\xampp\htdocs\seeren-dev-master\http\src/Message/MessageInterface.php">
      <metrics loc="66" ncloc="20" classes="0" methods="0" coveredmethods="0" conditionals="0" coveredconditionals="0" statements="0" coveredstatements="0" elements="0" coveredelements="0"/>
    </file>
    <package name="Seeren\Http\Request">
      <file name="C:\xampp\htdocs\seeren-dev-master\http\src/Request/AbstractRequest.php">
        <class name="AbstractRequest" namespace="Seeren\Http\Request" fullPackage="Http.Request" category="Seeren" package="Http" subpackage="Request">
          <metrics complexity="19" methods="8" coveredmethods="8" conditionals="0" coveredconditionals="0" statements="27" coveredstatements="27" elements="35" coveredelements="35"/>
        </class>
        <line num="55" type="method" name="__construct" visibility="protected" complexity="1" crap="1" count="125"/>
        <line num="62" type="stmt" count="125"/>
        <line num="63" type="stmt" count="125"/>
        <line num="64" type="stmt" count="125"/>
        <line num="65" type="stmt" count="125"/>
        <line num="73" type="method" name="parseMethod" visibility="private" complexity="5" crap="5" count="125"/>
        <line num="75" type="stmt" count="125"/>
        <line num="76" type="stmt" count="51"/>
        <line num="77" type="stmt" count="51"/>
        <line num="78" type="stmt" count="125"/>
        <line num="79" type="stmt" count="79"/>
        <line num="80" type="stmt" count="125"/>
        <line num="88" type="method" name="getRequestTarget" visibility="public" complexity="2" crap="2" count="3"/>
        <line num="90" type="stmt" count="3"/>
        <line num="99" type="method" name="withRequestTarget" visibility="public" complexity="1" crap="1" count="3"/>
        <line num="101" type="stmt" count="3"/>
        <line num="102" type="stmt" count="3"/>
        <line num="103" type="stmt" count="3"/>
        <line num="111" type="method" name="getMethod" visibility="public" complexity="1" crap="1" count="19"/>
        <line num="113" type="stmt" count="19"/>
        <line num="124" type="method" name="withMethod" visibility="public" complexity="4" crap="4" count="15"/>
        <line num="126" type="stmt" count="15"/>
        <line num="127" type="stmt" count="9"/>
        <line num="128" type="stmt" count="15"/>
        <line num="129" type="stmt" count="12"/>
        <line num="130" type="stmt" count="12"/>
        <line num="132" type="stmt" count="3"/>
        <line num="140" type="method" name="getUri" visibility="public" complexity="1" crap="1" count="16"/>
        <line num="142" type="stmt" count="16"/>
        <line num="152" type="method" name="withUri" visibility="public" complexity="4" crap="4" count="4"/>
        <line num="156" type="stmt" count="4"/>
        <line num="157" type="stmt" count="4"/>
        <line num="158" type="stmt" count="4"/>
        <line num="159" type="stmt" count="3"/>
        <line num="161" type="stmt" count="1"/>
        <metrics loc="164" ncloc="86" classes="1" methods="8" coveredmethods="8" conditionals="0" coveredconditionals="0" statements="27" coveredstatements="27" elements="35" coveredelements="35"/>
      </file>
      <file name="C:\xampp\htdocs\seeren-dev-master\http\src/Request/ClientRequest.php">
        <class name="ClientRequest" namespace="Seeren\Http\Request" fullPackage="Http.Request" category="Seeren" package="Http" subpackage="Request">
          <metrics complexity="9" methods="4" coveredmethods="3" conditionals="0" coveredconditionals="0" statements="22" coveredstatements="20" elements="26" coveredelements="23"/>
        </class>
        <line num="55" type="method" name="__construct" visibility="public" complexity="2" crap="2" count="33"/>
        <line num="61" type="stmt" count="33"/>
        <line num="62" type="stmt" count="33"/>
        <line num="65" type="stmt" count="33"/>
        <line num="66" type="stmt" count="33"/>
        <line num="67" type="stmt" count="33"/>
        <line num="75" type="method" name="parseHeader" visibility="private" complexity="2" crap="2" count="33"/>
        <line num="77" type="stmt" count="33"/>
        <line num="78" type="stmt" count="33"/>
        <line num="80" type="stmt" count="2"/>
        <line num="81" type="stmt" count="2"/>
        <line num="83" type="stmt" count="33"/>
        <line num="93" type="method" name="getResponse" visibility="public" complexity="3" crap="3.33" count="2"/>
        <line num="95" type="stmt" count="2"/>
        <line num="97" type="stmt" count="2"/>
        <line num="98" type="stmt" count="1"/>
        <line num="99" type="stmt" count="0"/>
        <line num="100" type="stmt" count="0"/>
        <line num="103" type="stmt" count="1"/>
        <line num="113" type="method" name="send" visibility="public" complexity="2" crap="2" count="2"/>
        <line num="116" type="stmt" count="2"/>
        <line num="117" type="stmt" count="2"/>
        <line num="118" type="stmt" count="1"/>
        <line num="119" type="stmt" count="1"/>
        <line num="120" type="stmt" count="1"/>
        <line num="122" type="stmt" count="1"/>
        <metrics loc="125" ncloc="74" classes="1" methods="4" coveredmethods="3" conditionals="0" coveredconditionals="0" statements="22" coveredstatements="20" elements="26" coveredelements="23"/>
      </file>
      <file name="C:\xampp\htdocs\seeren-dev-master\http\src/Request/Request.php">
        <class name="Request" namespace="Seeren\Http\Request" fullPackage="Http.Request" category="Seeren" package="Http" subpackage="Request">
          <metrics complexity="1" methods="1" coveredmethods="1" conditionals="0" coveredconditionals="0" statements="2" coveredstatements="2" elements="3" coveredelements="3"/>
        </class>
        <line num="44" type="method" name="__construct" visibility="public" complexity="1" crap="1" count="45"/>
        <line num="51" type="stmt" count="45"/>
        <line num="52" type="stmt" count="45"/>
        <metrics loc="54" ncloc="25" classes="1" methods="1" coveredmethods="1" conditionals="0" coveredconditionals="0" statements="2" coveredstatements="2" elements="3" coveredelements="3"/>
      </file>
      <file name="C:\xampp\htdocs\seeren-dev-master\http\src/Request/ServerRequest.php">
        <class name="ServerRequest" namespace="Seeren\Http\Request" fullPackage="Http.Request" category="Seeren" package="Http" subpackage="Request">
          <metrics complexity="46" methods="20" coveredmethods="18" conditionals="0" coveredconditionals="0" statements="98" coveredstatements="94" elements="118" coveredelements="112"/>
        </class>
        <line num="72" type="method" name="__construct" visibility="public" complexity="1" crap="1" count="47"/>
        <line num="76" type="stmt" count="47"/>
        <line num="79" type="stmt" count="47"/>
        <line num="80" type="stmt" count="47"/>
        <line num="81" type="stmt" count="47"/>
        <line num="82" type="stmt" count="47"/>
        <line num="83" type="stmt" count="47"/>
        <line num="84" type="stmt" count="47"/>
        <line num="85" type="stmt" count="47"/>
        <line num="86" type="stmt" count="47"/>
        <line num="87" type="stmt" count="47"/>
        <line num="88" type="stmt" count="47"/>
        <line num="89" type="stmt" count="47"/>
        <line num="90" type="stmt" count="47"/>
        <line num="97" type="method" name="parseHeader" visibility="private" complexity="5" crap="5.51" count="47"/>
        <line num="99" type="stmt" count="47"/>
        <line num="100" type="stmt" count="47"/>
        <line num="101" type="stmt" count="0"/>
        <line num="102" type="stmt" count="0"/>
        <line num="104" type="stmt" count="0"/>
        <line num="106" type="stmt" count="47"/>
        <line num="107" type="stmt" count="47"/>
        <line num="108" type="stmt" count="47"/>
        <line num="109" type="stmt" count="47"/>
        <line num="111" type="stmt" count="47"/>
        <line num="114" type="stmt" count="47"/>
        <line num="124" type="method" name="parseServerHeaderValue" visibility="private" complexity="2" crap="2" count="47"/>
        <line num="128" type="stmt" count="47"/>
        <line num="129" type="stmt" count="47"/>
        <line num="130" type="stmt" count="47"/>
        <line num="138" type="method" name="parseCookie" visibility="private" complexity="3" crap="3" count="47"/>
        <line num="140" type="stmt" count="47"/>
        <line num="141" type="stmt" count="47"/>
        <line num="142" type="stmt" count="47"/>
        <line num="143" type="stmt" count="47"/>
        <line num="144" type="stmt" count="47"/>
        <line num="145" type="stmt" count="47"/>
        <line num="146" type="stmt" count="47"/>
        <line num="147" type="stmt" count="47"/>
        <line num="149" type="stmt" count="47"/>
        <line num="151" type="stmt" count="47"/>
        <line num="160" type="method" name="parseQueryParam" visibility="private" complexity="5" crap="5.01" count="47"/>
        <line num="162" type="stmt" count="47"/>
        <line num="163" type="stmt" count="47"/>
        <line num="164" type="stmt" count="47"/>
        <line num="165" type="stmt" count="47"/>
        <line num="166" type="stmt" count="47"/>
        <line num="167" type="stmt" count="47"/>
        <line num="168" type="stmt" count="47"/>
        <line num="169" type="stmt" count="47"/>
        <line num="170" type="stmt" count="47"/>
        <line num="171" type="stmt" count="0"/>
        <line num="172" type="stmt" count="47"/>
        <line num="174" type="stmt" count="47"/>
        <line num="176" type="stmt" count="47"/>
        <line num="184" type="method" name="parseUploadedFiles" visibility="private" complexity="4" crap="4" count="47"/>
        <line num="186" type="stmt" count="47"/>
        <line num="187" type="stmt" count="47"/>
        <line num="188" type="stmt" count="47"/>
        <line num="189" type="stmt" count="47"/>
        <line num="190" type="stmt" count="47"/>
        <line num="191" type="stmt" count="47"/>
        <line num="192" type="stmt" count="47"/>
        <line num="193" type="stmt" count="47"/>
        <line num="194" type="stmt" count="47"/>
        <line num="195" type="stmt" count="47"/>
        <line num="196" type="stmt" count="47"/>
        <line num="199" type="stmt" count="47"/>
        <line num="201" type="stmt" count="47"/>
        <line num="203" type="stmt" count="47"/>
        <line num="212" type="method" name="parseParsedBody" visibility="private" complexity="6" crap="6" count="47"/>
        <line num="214" type="stmt" count="47"/>
        <line num="215" type="stmt" count="47"/>
        <line num="217" type="stmt" count="2"/>
        <line num="218" type="stmt" count="2"/>
        <line num="219" type="stmt" count="2"/>
        <line num="220" type="stmt" count="2"/>
        <line num="223" type="stmt" count="2"/>
        <line num="231" type="method" name="getServerParams" visibility="public" complexity="1" crap="1" count="1"/>
        <line num="233" type="stmt" count="1"/>
        <line num="241" type="method" name="getCookieParams" visibility="public" complexity="1" crap="1" count="2"/>
        <line num="243" type="stmt" count="2"/>
        <line num="252" type="method" name="withCookieParams" visibility="public" complexity="1" crap="1" count="1"/>
        <line num="255" type="stmt" count="1"/>
        <line num="263" type="method" name="getQueryParams" visibility="public" complexity="1" crap="1" count="1"/>
        <line num="265" type="stmt" count="1"/>
        <line num="274" type="method" name="withQueryParams" visibility="public" complexity="1" crap="1" count="1"/>
        <line num="276" type="stmt" count="1"/>
        <line num="284" type="method" name="getUploadedFiles" visibility="public" complexity="1" crap="1" count="2"/>
        <line num="286" type="stmt" count="2"/>
        <line num="297" type="method" name="withUploadedFiles" visibility="public" complexity="3" crap="3" count="3"/>
        <line num="300" type="stmt" count="3"/>
        <line num="301" type="stmt" count="3"/>
        <line num="302" type="stmt" count="2"/>
        <line num="304" type="stmt" count="3"/>
        <line num="307" type="stmt" count="1"/>
        <line num="315" type="method" name="getParsedBody" visibility="public" complexity="1" crap="1" count="3"/>
        <line num="317" type="stmt" count="3"/>
        <line num="328" type="method" name="withParsedBody" visibility="public" complexity="4" crap="4" count="5"/>
        <line num="330" type="stmt" count="5"/>
        <line num="331" type="stmt" count="3"/>
        <line num="333" type="stmt" count="3"/>
        <line num="335" type="stmt" count="2"/>
        <line num="343" type="method" name="getAttributes" visibility="public" complexity="1" crap="1" count="1"/>
        <line num="345" type="stmt" count="1"/>
        <line num="355" type="method" name="getAttribute" visibility="public" complexity="2" crap="2" count="1"/>
        <line num="357" type="stmt" count="1"/>
        <line num="358" type="stmt" count="1"/>
        <line num="359" type="stmt" count="1"/>
        <line num="369" type="method" name="withAttribute" visibility="public" complexity="1" crap="1" count="1"/>
        <line num="371" type="stmt" count="1"/>
        <line num="372" type="stmt" count="1"/>
        <line num="373" type="stmt" count="1"/>
        <line num="382" type="method" name="withoutAttribute" visibility="public" complexity="2" crap="2" count="1"/>
        <line num="384" type="stmt" count="1"/>
        <line num="385" type="stmt" count="1"/>
        <line num="386" type="stmt" count="1"/>
        <line num="388" type="stmt" count="1"/>
        <metrics loc="391" ncloc="235" classes="1" methods="20" coveredmethods="18" conditionals="0" coveredconditionals="0" statements="98" coveredstatements="94" elements="118" coveredelements="112"/>
      </file>
    </package>
    <file name="C:\xampp\htdocs\seeren-dev-master\http\src/Request/ClientRequestInterface.php">
      <metrics loc="47" ncloc="16" classes="0" methods="0" coveredmethods="0" conditionals="0" coveredconditionals="0" statements="0" coveredstatements="0" elements="0" coveredelements="0"/>
    </file>
    <file name="C:\xampp\htdocs\seeren-dev-master\http\src/Request/RequestInterface.php">
      <metrics loc="108" ncloc="32" classes="0" methods="0" coveredmethods="0" conditionals="0" coveredconditionals="0" statements="0" coveredstatements="0" elements="0" coveredelements="0"/>
    </file>
    <file name="C:\xampp\htdocs\seeren-dev-master\http\src/Request/ServerRequestInterface.php">
      <metrics loc="38" ncloc="13" classes="0" methods="0" coveredmethods="0" conditionals="0" coveredconditionals="0" statements="0" coveredstatements="0" elements="0" coveredelements="0"/>
    </file>
    <package name="Seeren\Http\Response">
      <file name="C:\xampp\htdocs\seeren-dev-master\http\src/Response/ClientResponse.php">
        <class name="ClientResponse" namespace="Seeren\Http\Response" fullPackage="Http.Response" category="Seeren" package="Http" subpackage="Response">
          <metrics complexity="3" methods="1" coveredmethods="1" conditionals="0" coveredconditionals="0" statements="16" coveredstatements="16" elements="17" coveredelements="17"/>
        </class>
        <line num="36" type="method" name="__construct" visibility="public" complexity="3" crap="3" count="33"/>
        <line num="38" type="stmt" count="33"/>
        <line num="39" type="stmt" count="33"/>
        <line num="40" type="stmt" count="33"/>
        <line num="41" type="stmt" count="2"/>
        <line num="42" type="stmt" count="2"/>
        <line num="43" type="stmt" count="2"/>
        <line num="44" type="stmt" count="2"/>
        <line num="45" type="stmt" count="2"/>
        <line num="46" type="stmt" count="2"/>
        <line num="47" type="stmt" count="2"/>
        <line num="48" type="stmt" count="2"/>
        <line num="49" type="stmt" count="2"/>
        <line num="50" type="stmt" count="2"/>
        <line num="51" type="stmt" count="2"/>
        <line num="52" type="stmt" count="2"/>
        <line num="55" type="stmt" count="33"/>
        <metrics loc="57" ncloc="32" classes="1" methods="1" coveredmethods="1" conditionals="0" coveredconditionals="0" statements="16" coveredstatements="16" elements="17" coveredelements="17"/>
      </file>
      <file name="C:\xampp\htdocs\seeren-dev-master\http\src/Response/Response.php">
        <class name="Response" namespace="Seeren\Http\Response" fullPackage="Http.Response" category="Seeren" package="Http" subpackage="Response">
          <metrics complexity="7" methods="5" coveredmethods="5" conditionals="0" coveredconditionals="0" statements="18" coveredstatements="18" elements="23" coveredelements="23"/>
        </class>
        <line num="52" type="method" name="__construct" visibility="public" complexity="1" crap="1" count="95"/>
        <line num="54" type="stmt" count="95"/>
        <line num="55" type="stmt" count="95"/>
        <line num="56" type="stmt" count="95"/>
        <line num="66" type="method" name="setStatus" visibility="protected" complexity="2" crap="2" count="95"/>
        <line num="68" type="stmt" count="95"/>
        <line num="69" type="stmt" count="95"/>
        <line num="70" type="stmt" count="15"/>
        <line num="71" type="stmt" count="15"/>
        <line num="73" type="stmt" count="95"/>
        <line num="74" type="stmt" count="95"/>
        <line num="75" type="stmt" count="95"/>
        <line num="82" type="method" name="getStatusCode" visibility="public" complexity="1" crap="1" count="3"/>
        <line num="84" type="stmt" count="3"/>
        <line num="96" type="method" name="withStatus" visibility="public" complexity="2" crap="2" count="21"/>
        <line num="101" type="stmt" count="21"/>
        <line num="102" type="stmt" count="21"/>
        <line num="103" type="stmt" count="15"/>
        <line num="104" type="stmt" count="15"/>
        <line num="105" type="stmt" count="15"/>
        <line num="107" type="stmt" count="6"/>
        <line num="115" type="method" name="getReasonPhrase" visibility="public" complexity="1" crap="1" count="3"/>
        <line num="117" type="stmt" count="3"/>
        <metrics loc="120" ncloc="61" classes="1" methods="5" coveredmethods="5" conditionals="0" coveredconditionals="0" statements="18" coveredstatements="18" elements="23" coveredelements="23"/>
      </file>
      <file name="C:\xampp\htdocs\seeren-dev-master\http\src/Response/ServerResponse.php">
        <class name="ServerResponse" namespace="Seeren\Http\Response" fullPackage="Http.Response" category="Seeren" package="Http" subpackage="Response">
          <metrics complexity="1" methods="1" coveredmethods="1" conditionals="0" coveredconditionals="0" statements="2" coveredstatements="2" elements="3" coveredelements="3"/>
        </class>
        <line num="37" type="method" name="__construct" visibility="public" complexity="1" crap="1" count="31"/>
        <line num="39" type="stmt" count="31"/>
        <line num="40" type="stmt" count="31"/>
        <metrics loc="42" ncloc="16" classes="1" methods="1" coveredmethods="1" conditionals="0" coveredconditionals="0" statements="2" coveredstatements="2" elements="3" coveredelements="3"/>
      </file>
    </package>
    <file name="C:\xampp\htdocs\seeren-dev-master\http\src/Response/ResponseInterface.php">
      <metrics loc="288" ncloc="77" classes="0" methods="0" coveredmethods="0" conditionals="0" coveredconditionals="0" statements="0" coveredstatements="0" elements="0" coveredelements="0"/>
    </file>
    <package name="Seeren\Http\Stream">
      <file name="C:\xampp\htdocs\seeren-dev-master\http\src/Stream/ClientRequestStream.php">
        <class name="ClientRequestStream" namespace="Seeren\Http\Stream" fullPackage="Http.Stream" category="Seeren" package="Http" subpackage="Stream">
          <metrics complexity="1" methods="1" coveredmethods="1" conditionals="0" coveredconditionals="0" statements="2" coveredstatements="2" elements="3" coveredelements="3"/>
        </class>
        <line num="33" type="method" name="__construct" visibility="public" complexity="1" crap="1" count="140"/>
        <line num="35" type="stmt" count="140"/>
        <line num="36" type="stmt" count="140"/>
        <metrics loc="38" ncloc="14" classes="1" methods="1" coveredmethods="1" conditionals="0" coveredconditionals="0" statements="2" coveredstatements="2" elements="3" coveredelements="3"/>
      </file>
      <file name="C:\xampp\htdocs\seeren-dev-master\http\src/Stream/ClientResponseStream.php">
        <class name="ClientResponseStream" namespace="Seeren\Http\Stream" fullPackage="Http.Stream" category="Seeren" package="Http" subpackage="Stream">
          <metrics complexity="5" methods="2" coveredmethods="2" conditionals="0" coveredconditionals="0" statements="15" coveredstatements="15" elements="17" coveredelements="17"/>
        </class>
        <line num="39" type="method" name="__construct" visibility="public" complexity="2" crap="2" count="16"/>
        <line num="42" type="stmt" count="16"/>
        <line num="43" type="stmt" count="16"/>
        <line num="44" type="stmt" count="16"/>
        <line num="45" type="stmt" count="16"/>
        <line num="46" type="stmt" count="1"/>
        <line num="50" type="stmt" count="15"/>
        <line num="58" type="method" name="parseContext" visibility="private" complexity="3" crap="3" count="16"/>
        <line num="61" type="stmt" count="16"/>
        <line num="62" type="stmt" count="16"/>
        <line num="63" type="stmt" count="16"/>
        <line num="65" type="stmt" count="2"/>
        <line num="66" type="stmt" count="14"/>
        <line num="70" type="stmt" count="16"/>
        <line num="71" type="stmt" count="16"/>
        <line num="73" type="stmt" count="16"/>
        <line num="74" type="stmt" count="16"/>
        <metrics loc="77" ncloc="44" classes="1" methods="2" coveredmethods="2" conditionals="0" coveredconditionals="0" statements="15" coveredstatements="15" elements="17" coveredelements="17"/>
      </file>
      <file name="C:\xampp\htdocs\seeren-dev-master\http\src/Stream/ServerRequestStream.php">
        <class name="ServerRequestStream" namespace="Seeren\Http\Stream" fullPackage="Http.Stream" category="Seeren" package="Http" subpackage="Stream">
          <metrics complexity="2" methods="1" coveredmethods="1" conditionals="0" coveredconditionals="0" statements="8" coveredstatements="8" elements="9" coveredelements="9"/>
        </class>
        <line num="37" type="method" name="__construct" visibility="public" complexity="2" crap="2" count="60"/>
        <line num="40" type="stmt" count="60"/>
        <line num="41" type="stmt" count="60"/>
        <line num="42" type="stmt" count="60"/>
        <line num="43" type="stmt" count="60"/>
        <line num="44" type="stmt" count="60"/>
        <line num="45" type="stmt" count="60"/>
        <line num="46" type="stmt" count="60"/>
        <line num="51" type="stmt" count="60"/>
        <metrics loc="53" ncloc="27" classes="1" methods="1" coveredmethods="1" conditionals="0" coveredconditionals="0" statements="8" coveredstatements="8" elements="9" coveredelements="9"/>
      </file>
      <file name="C:\xampp\htdocs\seeren-dev-master\http\src/Stream/ServerResponseStream.php">
        <class name="ServerResponseStream" namespace="Seeren\Http\Stream" fullPackage="Http.Stream" category="Seeren" package="Http" subpackage="Stream">
          <metrics complexity="2" methods="1" coveredmethods="1" conditionals="0" coveredconditionals="0" statements="2" coveredstatements="2" elements="3" coveredelements="3"/>
        </class>
        <line num="37" type="method" name="__construct" visibility="public" complexity="2" crap="2" count="44"/>
        <line num="40" type="stmt" count="44"/>
        <line num="45" type="stmt" count="44"/>
        <metrics loc="47" ncloc="21" classes="1" methods="1" coveredmethods="1" conditionals="0" coveredconditionals="0" statements="2" coveredstatements="2" elements="3" coveredelements="3"/>
      </file>
      <file name="C:\xampp\htdocs\seeren-dev-master\http\src/Stream/Stream.php">
        <class name="Stream" namespace="Seeren\Http\Stream" fullPackage="Http.Stream" category="Seeren" package="Http" subpackage="Stream">
          <metrics complexity="46" methods="17" coveredmethods="17" conditionals="0" coveredconditionals="0" statements="79" coveredstatements="79" elements="96" coveredelements="96"/>
        </class>
        <line num="52" type="method" name="__construct" visibility="public" complexity="6" crap="6" count="295"/>
        <line num="54" type="stmt" count="295"/>
        <line num="55" type="stmt" count="17"/>
        <line num="56" type="stmt" count="2"/>
        <line num="57" type="stmt" count="17"/>
        <line num="59" type="stmt" count="295"/>
        <line num="60" type="stmt" count="49"/>
        <line num="61" type="stmt" count="49"/>
        <line num="63" type="stmt" count="294"/>
        <line num="64" type="stmt" count="294"/>
        <line num="65" type="stmt" count="294"/>
        <line num="66" type="stmt" count="294"/>
        <line num="67" type="stmt" count="252"/>
        <line num="68" type="stmt" count="59"/>
        <line num="69" type="stmt" count="294"/>
        <line num="77" type="method" name="setReadableWritable" visibility="private" complexity="11" crap="11" count="294"/>
        <line num="79" type="stmt" count="294"/>
        <line num="80" type="stmt" count="84"/>
        <line num="81" type="stmt" count="84"/>
        <line num="82" type="stmt" count="228"/>
        <line num="83" type="stmt" count="186"/>
        <line num="84" type="stmt" count="186"/>
        <line num="85" type="stmt" count="228"/>
        <line num="86" type="stmt" count="48"/>
        <line num="87" type="stmt" count="48"/>
        <line num="88" type="stmt" count="186"/>
        <line num="89" type="stmt" count="4"/>
        <line num="90" type="stmt" count="3"/>
        <line num="91" type="stmt" count="2"/>
        <line num="92" type="stmt" count="186"/>
        <line num="93" type="stmt" count="186"/>
        <line num="94" type="stmt" count="186"/>
        <line num="96" type="stmt" count="294"/>
        <line num="103" type="method" name="__toString" visibility="public" complexity="2" crap="2" count="83"/>
        <line num="106" type="stmt" count="83"/>
        <line num="107" type="stmt" count="1"/>
        <line num="108" type="stmt" count="1"/>
        <line num="117" type="method" name="close" visibility="public" complexity="1" crap="1" count="47"/>
        <line num="119" type="stmt" count="47"/>
        <line num="120" type="stmt" count="47"/>
        <line num="125" type="stmt" count="47"/>
        <line num="132" type="method" name="detach" visibility="public" complexity="2" crap="2" count="12"/>
        <line num="134" type="stmt" count="12"/>
        <line num="135" type="stmt" count="12"/>
        <line num="136" type="stmt" count="12"/>
        <line num="137" type="stmt" count="12"/>
        <line num="138" type="stmt" count="12"/>
        <line num="140" type="stmt" count="12"/>
        <line num="148" type="method" name="getSize" visibility="public" complexity="1" crap="1" count="13"/>
        <line num="150" type="stmt" count="13"/>
        <line num="160" type="method" name="tell" visibility="public" complexity="2" crap="2" count="6"/>
        <line num="162" type="stmt" count="6"/>
        <line num="163" type="stmt" count="5"/>
        <line num="165" type="stmt" count="1"/>
        <line num="173" type="method" name="eof" visibility="public" complexity="1" crap="1" count="5"/>
        <line num="175" type="stmt" count="5"/>
        <line num="183" type="method" name="isSeekable" visibility="public" complexity="1" crap="1" count="82"/>
        <line num="185" type="stmt" count="82"/>
        <line num="198" type="method" name="seek" visibility="public" complexity="3" crap="3" count="6"/>
        <line num="200" type="stmt" count="6"/>
        <line num="201" type="stmt" count="6"/>
        <line num="202" type="stmt" count="5"/>
        <line num="204" type="stmt" count="1"/>
        <line num="213" type="method" name="rewind" visibility="public" complexity="3" crap="3" count="68"/>
        <line num="215" type="stmt" count="68"/>
        <line num="216" type="stmt" count="5"/>
        <line num="218" type="stmt" count="64"/>
        <line num="219" type="stmt" count="64"/>
        <line num="220" type="stmt" count="64"/>
        <line num="227" type="method" name="isWritable" visibility="public" complexity="1" crap="1" count="85"/>
        <line num="229" type="stmt" count="85"/>
        <line num="237" type="method" name="isReadable" visibility="public" complexity="1" crap="1" count="108"/>
        <line num="239" type="stmt" count="108"/>
        <line num="250" type="method" name="write" visibility="public" complexity="3" crap="3" count="70"/>
        <line num="252" type="stmt" count="70"/>
        <line num="253" type="stmt" count="5"/>
        <line num="255" type="stmt" count="66"/>
        <line num="256" type="stmt" count="66"/>
        <line num="257" type="stmt" count="66"/>
        <line num="259" type="stmt" count="66"/>
        <line num="270" type="method" name="read" visibility="public" complexity="3" crap="3" count="6"/>
        <line num="272" type="stmt" count="6"/>
        <line num="273" type="stmt" count="5"/>
        <line num="275" type="stmt" count="1"/>
        <line num="276" type="stmt" count="1"/>
        <line num="277" type="stmt" count="1"/>
        <line num="286" type="method" name="getContents" visibility="public" complexity="2" crap="2" count="86"/>
        <line num="288" type="stmt" count="86"/>
        <line num="289" type="stmt" count="6"/>
        <line num="290" type="stmt" count="6"/>
        <line num="292" type="stmt" count="82"/>
        <line num="293" type="stmt" count="82"/>
        <line num="302" type="method" name="getMetadata" visibility="public" complexity="3" crap="3" count="173"/>
        <line num="304" type="stmt" count="173"/>
        <line num="305" type="stmt" count="173"/>
        <line num="306" type="stmt" count="173"/>
        <metrics loc="309" ncloc="176" classes="1" methods="17" coveredmethods="17" conditionals="0" coveredconditionals="0" statements="79" coveredstatements="79" elements="96" coveredelements="96"/>
      </file>
    </package>
    <file name="C:\xampp\htdocs\seeren-dev-master\http\src/Stream/StreamInterface.php">
      <metrics loc="71" ncloc="22" classes="0" methods="0" coveredmethods="0" conditionals="0" coveredconditionals="0" statements="0" coveredstatements="0" elements="0" coveredelements="0"/>
    </file>
    <package name="Seeren\Http\Upload">
      <file name="C:\xampp\htdocs\seeren-dev-master\http\src/Upload/UploadedFile.php">
        <class name="UploadedFile" namespace="Seeren\Http\Upload" fullPackage="Http.Upload" category="Seeren" package="Http" subpackage="Upload">
          <metrics complexity="18" methods="7" coveredmethods="7" conditionals="0" coveredconditionals="0" statements="37" coveredstatements="37" elements="44" coveredelements="44"/>
        </class>
        <line num="66" type="method" name="__construct" visibility="public" complexity="6" crap="6" count="58"/>
        <line num="68" type="stmt" count="58"/>
        <line num="69" type="stmt" count="55"/>
        <line num="70" type="stmt" count="4"/>
        <line num="71" type="stmt" count="58"/>
        <line num="72" type="stmt" count="47"/>
        <line num="73" type="stmt" count="12"/>
        <line num="74" type="stmt" count="58"/>
        <line num="75" type="stmt" count="55"/>
        <line num="76" type="stmt" count="4"/>
        <line num="77" type="stmt" count="58"/>
        <line num="79" type="stmt" count="56"/>
        <line num="80" type="stmt" count="56"/>
        <line num="81" type="stmt" count="8"/>
        <line num="82" type="stmt" count="48"/>
        <line num="83" type="stmt" count="48"/>
        <line num="86" type="stmt" count="58"/>
        <line num="94" type="method" name="getStream" visibility="public" complexity="2" crap="2" count="5"/>
        <line num="96" type="stmt" count="5"/>
        <line num="97" type="stmt" count="2"/>
        <line num="99" type="stmt" count="3"/>
        <line num="110" type="method" name="moveTo" visibility="public" complexity="6" crap="6" count="4"/>
        <line num="112" type="stmt" count="4"/>
        <line num="113" type="stmt" count="4"/>
        <line num="114" type="stmt" count="4"/>
        <line num="115" type="stmt" count="4"/>
        <line num="116" type="stmt" count="1"/>
        <line num="119" type="stmt" count="3"/>
        <line num="121" type="stmt" count="3"/>
        <line num="122" type="stmt" count="2"/>
        <line num="124" type="stmt" count="2"/>
        <line num="125" type="stmt" count="2"/>
        <line num="127" type="stmt" count="1"/>
        <line num="128" type="stmt" count="1"/>
        <line num="129" type="stmt" count="1"/>
        <line num="130" type="stmt" count="1"/>
        <line num="137" type="method" name="getSize" visibility="public" complexity="1" crap="1" count="1"/>
        <line num="139" type="stmt" count="1"/>
        <line num="147" type="method" name="getError" visibility="public" complexity="1" crap="1" count="3"/>
        <line num="149" type="stmt" count="3"/>
        <line num="157" type="method" name="getClientFilename" visibility="public" complexity="1" crap="1" count="1"/>
        <line num="159" type="stmt" count="1"/>
        <line num="167" type="method" name="getClientMediaType" visibility="public" complexity="1" crap="1" count="1"/>
        <line num="169" type="stmt" count="1"/>
        <metrics loc="172" ncloc="95" classes="1" methods="7" coveredmethods="7" conditionals="0" coveredconditionals="0" statements="37" coveredstatements="37" elements="44" coveredelements="44"/>
      </file>
    </package>
    <file name="C:\xampp\htdocs\seeren-dev-master\http\src/Upload/UploadedFileInterface.php">
      <metrics loc="50" ncloc="16" classes="0" methods="0" coveredmethods="0" conditionals="0" coveredconditionals="0" statements="0" coveredstatements="0" elements="0" coveredelements="0"/>
    </file>
    <package name="Seeren\Http\Uri">
      <file name="C:\xampp\htdocs\seeren-dev-master\http\src/Uri/AbstractUri.php">
        <class name="AbstractUri" namespace="Seeren\Http\Uri" fullPackage="Http.Uri" category="Seeren" package="Http" subpackage="Uri">
          <metrics complexity="48" methods="23" coveredmethods="23" conditionals="0" coveredconditionals="0" statements="76" coveredstatements="76" elements="99" coveredelements="99"/>
        </class>
        <line num="73" type="method" name="__construct" visibility="protected" complexity="1" crap="1" count="216"/>
        <line num="82" type="stmt" count="216"/>
        <line num="83" type="stmt" count="216"/>
        <line num="84" type="stmt" count="216"/>
        <line num="85" type="stmt" count="216"/>
        <line num="86" type="stmt" count="216"/>
        <line num="87" type="stmt" count="216"/>
        <line num="88" type="stmt" count="216"/>
        <line num="89" type="stmt" count="216"/>
        <line num="97" type="method" name="parseScheme" visibility="private" complexity="2" crap="2" count="216"/>
        <line num="99" type="stmt" count="216"/>
        <line num="100" type="stmt" count="18"/>
        <line num="101" type="stmt" count="216"/>
        <line num="110" type="method" name="parseHost" visibility="private" complexity="2" crap="2" count="216"/>
        <line num="112" type="stmt" count="216"/>
        <line num="121" type="method" name="parsePort" visibility="private" complexity="3" crap="3" count="216"/>
        <line num="123" type="stmt" count="216"/>
        <line num="132" type="method" name="parsePath" visibility="private" complexity="2" crap="2" count="216"/>
        <line num="134" type="stmt" count="216"/>
        <line num="135" type="stmt" count="92"/>
        <line num="136" type="stmt" count="216"/>
        <line num="145" type="method" name="parseQuery" visibility="private" complexity="3" crap="3" count="216"/>
        <line num="147" type="stmt" count="216"/>
        <line num="148" type="stmt" count="216"/>
        <line num="149" type="stmt" count="216"/>
        <line num="150" type="stmt" count="216"/>
        <line num="151" type="stmt" count="216"/>
        <line num="152" type="stmt" count="11"/>
        <line num="153" type="stmt" count="216"/>
        <line num="155" type="stmt" count="216"/>
        <line num="166" type="method" name="with" visibility="private" complexity="1" crap="1" count="68"/>
        <line num="168" type="stmt" count="68"/>
        <line num="169" type="stmt" count="68"/>
        <line num="170" type="stmt" count="68"/>
        <line num="178" type="method" name="getScheme" visibility="public" complexity="1" crap="1" count="4"/>
        <line num="180" type="stmt" count="4"/>
        <line num="188" type="method" name="getAuthority" visibility="public" complexity="3" crap="3" count="26"/>
        <line num="190" type="stmt" count="26"/>
        <line num="191" type="stmt" count="26"/>
        <line num="192" type="stmt" count="26"/>
        <line num="200" type="method" name="getUserInfo" visibility="public" complexity="1" crap="1" count="6"/>
        <line num="202" type="stmt" count="6"/>
        <line num="210" type="method" name="getHost" visibility="public" complexity="1" crap="1" count="5"/>
        <line num="212" type="stmt" count="5"/>
        <line num="220" type="method" name="getPort" visibility="public" complexity="1" crap="1" count="2"/>
        <line num="222" type="stmt" count="2"/>
        <line num="230" type="method" name="getPath" visibility="public" complexity="1" crap="1" count="3"/>
        <line num="232" type="stmt" count="3"/>
        <line num="240" type="method" name="getQuery" visibility="public" complexity="1" crap="1" count="55"/>
        <line num="242" type="stmt" count="55"/>
        <line num="250" type="method" name="getFragment" visibility="public" complexity="1" crap="1" count="2"/>
        <line num="252" type="stmt" count="2"/>
        <line num="263" type="method" name="withScheme" visibility="public" complexity="4" crap="4" count="52"/>
        <line num="265" type="stmt" count="52"/>
        <line num="266" type="stmt" count="48"/>
        <line num="267" type="stmt" count="52"/>
        <line num="268" type="stmt" count="12"/>
        <line num="269" type="stmt" count="12"/>
        <line num="271" type="stmt" count="46"/>
        <line num="281" type="method" name="withUserInfo" visibility="public" complexity="2" crap="2" count="12"/>
        <line num="283" type="stmt" count="12"/>
        <line num="284" type="stmt" count="12"/>
        <line num="285" type="stmt" count="12"/>
        <line num="296" type="method" name="withHost" visibility="public" complexity="3" crap="3" count="61"/>
        <line num="298" type="stmt" count="61"/>
        <line num="299" type="stmt" count="61"/>
        <line num="300" type="stmt" count="12"/>
        <line num="301" type="stmt" count="12"/>
        <line num="303" type="stmt" count="55"/>
        <line num="314" type="method" name="withPort" visibility="public" complexity="3" crap="3" count="26"/>
        <line num="316" type="stmt" count="26"/>
        <line num="317" type="stmt" count="26"/>
        <line num="318" type="stmt" count="12"/>
        <line num="319" type="stmt" count="12"/>
        <line num="321" type="stmt" count="14"/>
        <line num="332" type="method" name="withPath" visibility="public" complexity="3" crap="3" count="53"/>
        <line num="334" type="stmt" count="53"/>
        <line num="335" type="stmt" count="53"/>
        <line num="336" type="stmt" count="12"/>
        <line num="337" type="stmt" count="12"/>
        <line num="339" type="stmt" count="47"/>
        <line num="349" type="method" name="withQuery" visibility="public" complexity="2" crap="2" count="19"/>
        <line num="351" type="stmt" count="19"/>
        <line num="352" type="stmt" count="8"/>
        <line num="353" type="stmt" count="8"/>
        <line num="355" type="stmt" count="11"/>
        <line num="365" type="method" name="withFragment" visibility="public" complexity="1" crap="1" count="3"/>
        <line num="367" type="stmt" count="3"/>
        <line num="375" type="method" name="__toString" visibility="public" complexity="6" crap="6" count="20"/>
        <line num="377" type="stmt" count="20"/>
        <line num="378" type="stmt" count="20"/>
        <line num="379" type="stmt" count="20"/>
        <line num="380" type="stmt" count="20"/>
        <line num="381" type="stmt" count="1"/>
        <line num="382" type="stmt" count="20"/>
        <line num="383" type="stmt" count="20"/>
        <line num="384" type="stmt" count="20"/>
        <line num="385" type="stmt" count="1"/>
        <line num="386" type="stmt" count="20"/>
        <metrics loc="389" ncloc="200" classes="1" methods="23" coveredmethods="23" conditionals="0" coveredconditionals="0" statements="76" coveredstatements="76" elements="99" coveredelements="99"/>
      </file>
      <file name="C:\xampp\htdocs\seeren-dev-master\http\src/Uri/ServerRequestUri.php">
        <class name="ServerRequestUri" namespace="Seeren\Http\Uri" fullPackage="Http.Uri" category="Seeren" package="Http" subpackage="Uri">
          <metrics complexity="13" methods="5" coveredmethods="4" conditionals="0" coveredconditionals="0" statements="31" coveredstatements="30" elements="36" coveredelements="34"/>
        </class>
        <line num="43" type="method" name="__construct" visibility="public" complexity="1" crap="1" count="92"/>
        <line num="45" type="stmt" count="92"/>
        <line num="46" type="stmt" count="92"/>
        <line num="47" type="stmt" count="92"/>
        <line num="48" type="stmt" count="92"/>
        <line num="49" type="stmt" count="92"/>
        <line num="50" type="stmt" count="92"/>
        <line num="51" type="stmt" count="92"/>
        <line num="53" type="stmt" count="92"/>
        <line num="54" type="stmt" count="92"/>
        <line num="61" type="method" name="parseRedirect" visibility="private" complexity="5" crap="5" count="92"/>
        <line num="63" type="stmt" count="92"/>
        <line num="64" type="stmt" count="92"/>
        <line num="65" type="stmt" count="92"/>
        <line num="66" type="stmt" count="92"/>
        <line num="67" type="stmt" count="92"/>
        <line num="68" type="stmt" count="92"/>
        <line num="69" type="stmt" count="92"/>
        <line num="76" type="stmt" count="92"/>
        <line num="84" type="method" name="getPath" visibility="public" complexity="2" crap="2" count="2"/>
        <line num="86" type="stmt" count="2"/>
        <line num="97" type="method" name="withPath" visibility="public" complexity="3" crap="3.04" count="44"/>
        <line num="100" type="stmt" count="44"/>
        <line num="101" type="stmt" count="6"/>
        <line num="102" type="stmt" count="0"/>
        <line num="104" type="stmt" count="44"/>
        <line num="105" type="stmt" count="44"/>
        <line num="107" type="stmt" count="44"/>
        <line num="115" type="method" name="__toString" visibility="public" complexity="2" crap="2" count="1"/>
        <line num="117" type="stmt" count="1"/>
        <line num="118" type="stmt" count="1"/>
        <line num="119" type="stmt" count="1"/>
        <line num="120" type="stmt" count="1"/>
        <line num="121" type="stmt" count="1"/>
        <line num="122" type="stmt" count="1"/>
        <line num="123" type="stmt" count="1"/>
        <metrics loc="126" ncloc="76" classes="1" methods="5" coveredmethods="4" conditionals="0" coveredconditionals="0" statements="31" coveredstatements="30" elements="36" coveredelements="34"/>
      </file>
      <file name="C:\xampp\htdocs\seeren-dev-master\http\src/Uri/Uri.php">
        <class name="Uri" namespace="Seeren\Http\Uri" fullPackage="Http.Uri" category="Seeren" package="Http" subpackage="Uri">
          <metrics complexity="1" methods="1" coveredmethods="1" conditionals="0" coveredconditionals="0" statements="2" coveredstatements="2" elements="3" coveredelements="3"/>
        </class>
        <line num="42" type="method" name="__construct" visibility="public" complexity="1" crap="1" count="125"/>
        <line num="51" type="stmt" count="125"/>
        <line num="59" type="stmt" count="125"/>
        <metrics loc="61" ncloc="30" classes="1" methods="1" coveredmethods="1" conditionals="0" coveredconditionals="0" statements="2" coveredstatements="2" elements="3" coveredelements="3"/>
      </file>
    </package>
    <file name="C:\xampp\htdocs\seeren-dev-master\http\src/Uri/ServerRequestUriInterface.php">
      <metrics loc="66" ncloc="20" classes="0" methods="0" coveredmethods="0" conditionals="0" coveredconditionals="0" statements="0" coveredstatements="0" elements="0" coveredelements="0"/>
    </file>
    <file name="C:\xampp\htdocs\seeren-dev-master\http\src/Uri/UriInterface.php">
      <metrics loc="62" ncloc="19" classes="0" methods="0" coveredmethods="0" conditionals="0" coveredconditionals="0" statements="0" coveredstatements="0" elements="0" coveredelements="0"/>
    </file>
    <metrics files="26" loc="3307" ncloc="1599" classes="17" methods="114" coveredmethods="110" conditionals="0" coveredconditionals="0" statements="496" coveredstatements="489" elements="610" coveredelements="599"/>
  </project>
</coverage>
